[debug] [2021-08-12T08:29:38.460Z] ----------------------------------------------------------------------
[debug] [2021-08-12T08:29:38.462Z] Command:       /usr/local/bin/node /usr/local/bin/firebase deploy
[debug] [2021-08-12T08:29:38.462Z] CLI Version:   9.16.0
[debug] [2021-08-12T08:29:38.462Z] Platform:      darwin
[debug] [2021-08-12T08:29:38.462Z] Node Version:  v14.17.3
[debug] [2021-08-12T08:29:38.465Z] Time:          Thu Aug 12 2021 01:29:38 GMT-0700 (Pacific Daylight Time)
[debug] [2021-08-12T08:29:38.466Z] ----------------------------------------------------------------------
[debug] 
[debug] [2021-08-12T08:29:38.470Z] >>> [apiv2][query] GET https://firebase-public.firebaseio.com/cli.json [none]
[debug] [2021-08-12T08:29:38.530Z] > command requires scopes: ["email","openid","https://www.googleapis.com/auth/cloudplatformprojects.readonly","https://www.googleapis.com/auth/firebase","https://www.googleapis.com/auth/cloud-platform"]
[debug] [2021-08-12T08:29:38.531Z] > authorizing via signed-in user (teeola48@gmail.com)
[debug] [2021-08-12T08:29:38.531Z] [iam] checking project frontend-customer for permissions ["firebase.projects.get","firebasehosting.sites.update"]
[debug] [2021-08-12T08:29:38.532Z] > refreshing access token with scopes: ["email","https://www.googleapis.com/auth/cloud-platform","https://www.googleapis.com/auth/cloudplatformprojects.readonly","https://www.googleapis.com/auth/firebase","openid"]
[debug] [2021-08-12T08:29:38.532Z] >>> HTTP REQUEST POST https://www.googleapis.com/oauth2/v3/token  
 <request body omitted>
[debug] [2021-08-12T08:29:39.123Z] <<< HTTP RESPONSE 200 {"cache-control":"no-cache, no-store, max-age=0, must-revalidate","date":"Thu, 12 Aug 2021 00:29:14 GMT","expires":"Mon, 01 Jan 1990 00:00:00 GMT","pragma":"no-cache","content-type":"application/json; charset=utf-8","vary":"X-Origin, Referer, Origin,Accept-Encoding","server":"scaffolding on HTTPServer2","x-xss-protection":"0","x-frame-options":"SAMEORIGIN","x-content-type-options":"nosniff","alt-svc":"h3=\":443\"; ma=2592000,h3-29=\":443\"; ma=2592000,h3-T051=\":443\"; ma=2592000,h3-Q050=\":443\"; ma=2592000,h3-Q046=\":443\"; ma=2592000,h3-Q043=\":443\"; ma=2592000,quic=\":443\"; ma=2592000; v=\"46,43\"","accept-ranges":"none","transfer-encoding":"chunked"}
[debug] [2021-08-12T08:29:39.170Z] >>> HTTP REQUEST POST https://cloudresourcemanager.googleapis.com/v1/projects/frontend-customer:testIamPermissions  
 {"permissions":["firebase.projects.get","firebasehosting.sites.update"]}
[debug] [2021-08-12T08:29:39.522Z] <<< [apiv2][status] GET https://firebase-public.firebaseio.com/cli.json 200
[debug] [2021-08-12T08:29:39.522Z] <<< [apiv2][body] GET https://firebase-public.firebaseio.com/cli.json {"cloudBuildErrorAfter":1594252800000,"cloudBuildWarnAfter":1590019200000,"defaultNode10After":1594252800000,"minVersion":"3.0.5","node8DeploysDisabledAfter":1613390400000,"node8RuntimeDisabledAfter":1615809600000,"node8WarnAfter":1600128000000}
[debug] [2021-08-12T08:29:40.800Z] <<< HTTP RESPONSE 200 {"content-type":"application/json; charset=UTF-8","vary":"X-Origin, Referer, Origin,Accept-Encoding","date":"Thu, 12 Aug 2021 00:29:16 GMT","server":"ESF","cache-control":"private","x-xss-protection":"0","x-frame-options":"SAMEORIGIN","x-content-type-options":"nosniff","server-timing":"gfet4t7; dur=1087","alt-svc":"h3=\":443\"; ma=2592000,h3-29=\":443\"; ma=2592000,h3-T051=\":443\"; ma=2592000,h3-Q050=\":443\"; ma=2592000,h3-Q046=\":443\"; ma=2592000,h3-Q043=\":443\"; ma=2592000,quic=\":443\"; ma=2592000; v=\"46,43\"","accept-ranges":"none","transfer-encoding":"chunked"}
[debug] [2021-08-12T08:29:40.802Z] > refreshing access token with scopes: []
[debug] [2021-08-12T08:29:40.803Z] >>> HTTP REQUEST POST https://www.googleapis.com/oauth2/v3/token  
 <request body omitted>
[debug] [2021-08-12T08:29:41.248Z] <<< HTTP RESPONSE 200 {"cache-control":"no-cache, no-store, max-age=0, must-revalidate","expires":"Mon, 01 Jan 1990 00:00:00 GMT","pragma":"no-cache","date":"Thu, 12 Aug 2021 00:29:16 GMT","content-type":"application/json; charset=utf-8","vary":"X-Origin, Referer, Origin,Accept-Encoding","server":"scaffolding on HTTPServer2","x-xss-protection":"0","x-frame-options":"SAMEORIGIN","x-content-type-options":"nosniff","alt-svc":"h3=\":443\"; ma=2592000,h3-29=\":443\"; ma=2592000,h3-T051=\":443\"; ma=2592000,h3-Q050=\":443\"; ma=2592000,h3-Q046=\":443\"; ma=2592000,h3-Q043=\":443\"; ma=2592000,quic=\":443\"; ma=2592000; v=\"46,43\"","accept-ranges":"none","transfer-encoding":"chunked"}
[debug] [2021-08-12T08:29:41.301Z] >>> [apiv2][query] GET https://firebase.googleapis.com/v1beta1/projects/frontend-customer [none]
[debug] [2021-08-12T08:29:42.098Z] <<< [apiv2][status] GET https://firebase.googleapis.com/v1beta1/projects/frontend-customer 200
[debug] [2021-08-12T08:29:42.098Z] <<< [apiv2][body] GET https://firebase.googleapis.com/v1beta1/projects/frontend-customer {"projectId":"frontend-customer","projectNumber":"959751881715","displayName":"frontend-customer","name":"projects/frontend-customer","resources":{"hostingSite":"frontend-customer"},"state":"ACTIVE"}
[info] 
[info] === Deploying to 'frontend-customer'...
[info] 
[info] i  deploying hosting 
[debug] [2021-08-12T08:29:42.105Z] > refreshing access token with scopes: ["email","https://www.googleapis.com/auth/cloud-platform","https://www.googleapis.com/auth/cloudplatformprojects.readonly","https://www.googleapis.com/auth/firebase","openid"]
[debug] [2021-08-12T08:29:42.105Z] >>> HTTP REQUEST POST https://www.googleapis.com/oauth2/v3/token  
 <request body omitted>
[debug] [2021-08-12T08:29:42.533Z] <<< HTTP RESPONSE 200 {"date":"Thu, 12 Aug 2021 00:29:18 GMT","pragma":"no-cache","expires":"Mon, 01 Jan 1990 00:00:00 GMT","cache-control":"no-cache, no-store, max-age=0, must-revalidate","content-type":"application/json; charset=utf-8","vary":"X-Origin, Referer, Origin,Accept-Encoding","server":"scaffolding on HTTPServer2","x-xss-protection":"0","x-frame-options":"SAMEORIGIN","x-content-type-options":"nosniff","alt-svc":"h3=\":443\"; ma=2592000,h3-29=\":443\"; ma=2592000,h3-T051=\":443\"; ma=2592000,h3-Q050=\":443\"; ma=2592000,h3-Q046=\":443\"; ma=2592000,h3-Q043=\":443\"; ma=2592000,quic=\":443\"; ma=2592000; v=\"46,43\"","accept-ranges":"none","transfer-encoding":"chunked"}
[debug] [2021-08-12T08:29:42.580Z] >>> HTTP REQUEST POST https://firebasehosting.googleapis.com/v1beta1/sites/frontend-customer/versions  
 {"config":{"rewrites":[{"glob":"**","path":"/index.html"}]},"labels":{"deployment-tool":"cli-firebase"}}
[debug] [2021-08-12T08:29:44.895Z] <<< HTTP RESPONSE 200 {"content-type":"application/json; charset=UTF-8","vary":"X-Origin, Referer, Origin,Accept-Encoding","date":"Thu, 12 Aug 2021 00:29:20 GMT","server":"ESF","cache-control":"private","x-xss-protection":"0","x-frame-options":"SAMEORIGIN","x-content-type-options":"nosniff","alt-svc":"h3=\":443\"; ma=2592000,h3-29=\":443\"; ma=2592000,h3-T051=\":443\"; ma=2592000,h3-Q050=\":443\"; ma=2592000,h3-Q046=\":443\"; ma=2592000,h3-Q043=\":443\"; ma=2592000,quic=\":443\"; ma=2592000; v=\"46,43\"","accept-ranges":"none","transfer-encoding":"chunked"}
[info] i  hosting[frontend-customer]: beginning deploy... 
[info] i  hosting[frontend-customer]: found 64 files in build 
[debug] [2021-08-12T08:29:45.401Z] > refreshing access token with scopes: []
[debug] [2021-08-12T08:29:45.401Z] >>> HTTP REQUEST POST https://www.googleapis.com/oauth2/v3/token  
 <request body omitted>
[debug] [2021-08-12T08:29:45.403Z] [hosting] hash cache [YnVpbGQ] stored for 64 files
[debug] [2021-08-12T08:29:45.403Z] [hosting][hash queue][FINAL] {"max":470,"min":15,"avg":43.40625,"active":0,"complete":64,"success":64,"errored":0,"retried":0,"total":64,"elapsed":474}
[debug] [2021-08-12T08:29:45.901Z] <<< HTTP RESPONSE 200 {"expires":"Mon, 01 Jan 1990 00:00:00 GMT","cache-control":"no-cache, no-store, max-age=0, must-revalidate","pragma":"no-cache","date":"Thu, 12 Aug 2021 00:29:21 GMT","content-type":"application/json; charset=utf-8","vary":"X-Origin, Referer, Origin,Accept-Encoding","server":"scaffolding on HTTPServer2","x-xss-protection":"0","x-frame-options":"SAMEORIGIN","x-content-type-options":"nosniff","alt-svc":"h3=\":443\"; ma=2592000,h3-29=\":443\"; ma=2592000,h3-T051=\":443\"; ma=2592000,h3-Q050=\":443\"; ma=2592000,h3-Q046=\":443\"; ma=2592000,h3-Q043=\":443\"; ma=2592000,quic=\":443\"; ma=2592000; v=\"46,43\"","accept-ranges":"none","transfer-encoding":"chunked"}
[debug] [2021-08-12T08:29:45.949Z] >>> [apiv2][query] POST https://firebasehosting.googleapis.com/v1beta1/sites/frontend-customer/versions/9c3e091945bb444f:populateFiles [none]
[debug] [2021-08-12T08:29:45.950Z] >>> [apiv2][body] POST https://firebasehosting.googleapis.com/v1beta1/sites/frontend-customer/versions/9c3e091945bb444f:populateFiles {"files":{"/asset-manifest.json":"61dbd2621326290b3f4c224a9b4a8b36013f122ddb8ca193235d706d697762fd","/index.html":"f9febb6a7f7b9208e049d5346eb0f2eb64f14bfc5f040447e52242151eb864a1","/favicon.ico":"72c0aac5235676febb034ee9fa78332b945cef3add53964834b02fa4dae506fa","/logo192.png":"caff018b7f1e8fd481eb1c50d75b0ef236bcd5078b1d15c8bb348453fee30293","/static/js/2.eb8e416a.chunk.js.LICENSE.txt":"43d3ee0db80f9ddbb841199907ebb4effa387a282a7690a41dd5b6825fa9aabc","/static/js/runtime-main.aeb616b7.js":"ef5307aeaf702328441e971b1f487181ad46a8a41a34fc1aadae521098b0733e","/static/js/runtime-main.aeb616b7.js.map":"d82b30601ec448daeb53509a65f13a42cbe935f9cc54649abe0ffcc04ffde517","/static/media/AC.d6c89531.svg":"8a69b4abd2a8e7ca92b60646afef634626507444bf3b3a46e340bfd450fa7d0c","/static/media/Direct.1407f8f3.svg":"2ef61954e89e88762a5efaa5f1fe40e883fac63ea660696ca478cd35169c68ce","/static/media/Empty.f8db519a.svg":"13f42112ab234af4486625c11805fda16615d5509fe4ab96f31159adab9a611d","/static/media/GIGMLogo.c2c0dffd.png":"a3785ad6967db81198be6796e08389ad63ae67154c8277bbad9271ec69c2a71b","/static/media/IconFacebook.f3fb308a.svg":"a9340e71c6cb420928c36a9b924c8eaae80b9b9a23557280e6303c2daeffc15a","/static/media/IconGoogle.ba3769f5.svg":"88e3921c0372c6dd151bc61ef98636fb170980591a0c7187e7b1017205163758","/static/media/Like.188df2cd.svg":"151febf4cca1c0e55d759f36e7884dd133acf1865fdb4653971b62d239bdbdc0","/static/media/RightArrow.ef668035.svg":"e047cdc1118d22a004b2047311c8ee1c449ad0a2e04caa374654f94af4694260","/static/media/apple.b405f849.svg":"5ac712e18c18f7a5b48869c3f5eb6d3f091d4984ffdc5aadffd21ae4212ae137","/static/media/arrow.be63f357.svg":"b76f3e0b6daca0d241057be30110351ad68f0c711062c2a8cf43c7f56daa9199","/static/media/bags.bf2f4711.svg":"61ad57bda6928d2a5df430ad57e85a998f7b47c0a5fee2a708206c5760f511c3","/static/media/calendar.d2ac2581.svg":"0706427f4b22de8e4b794752fd79b2533326be78d22684747567a089743c04d0","/static/media/car.a9539a60.svg":"08bfce60fb37c54077701e9d067aa2101afaec6e41c60c89208af9cd0e2db7c0","/static/media/caralt.e54d9833.svg":"033917313d28cae52a977e0f4c5378136b4ae1ca5fa963b91807d5c94633d1d6","/static/media/carbus.d49ea579.svg":"d51af2dbb34f3dfc6cdaf4a1b46fb86642ed75e0312a004f80f442cfa70e4cac","/static/media/cardElipse.5256806c.svg":"574e16fc6833f9255a11a30037da378c1a9d99f7ceb5def1767777240a88ba78","/static/media/check.a3d871ca.svg":"b3f2bb1d981ee692d58016e9a96ea08d64d6265b3e2142688fb641d4baab3771","/logo512.png":"191fc21360b4ccfb1cda11a1efb97f489ed22672ca83f4064316802bbfdd750e","/static/media/gigm.3da04a5a.png":"657b87f59516e0cf3fb30489fcbbb5c41ab821146122a5302d1b57f9a8c8a1c7","/static/media/google-play.0368e8d2.svg":"1ccdcdc558373de49dddfec724aec37c128793e852ddf3753a66488ebe65a3aa","/manifest.json":"70052b7eb72b1c824b3f90293aefc439d2dc480922ecb1d95de4068823ddad61","/robots.txt":"391d14b3c2f8c9143a27a28c7399585142228d4d1bdbe2c87ac946de411fa9a2","/static/media/lock.75e0d064.svg":"b272acfcb2ebf5eeb074b61101c229ba8e7816809d19d715f4267c5acc9dee7a","/static/media/mail.1a3ddfa5.svg":"994e0225256f12391704f4dd57f70b747a7539526a05ed5e021c0297a2d4f724","/static/media/park.e679d259.svg":"77dd058d0b38841426763bfd8d4088e3c9ed13d6f775149698dd12aa4e033014","/static/media/flame.c7b3b3ef.svg":"0e70163801725bc732f682df12075996e41e08b5cd73a8df75f4a5c5c8fbe058","/static/media/search.8c1772fc.svg":"0ff601e71a72b3e9f21b9e5693a54a9d4888fa1394d502b74df50857b0ee122b","/static/media/security.1f29b276.svg":"742cf0622be33004edcb19cfebc7e11ba1399ba2f526507cbf54f313cb0bc867","/static/media/star.84582a6e.svg":"05307d38a3c51e70fa7c82669fde6e500b8a1ac075a92c39e5b9116dec0ff719","/static/media/user.23afd9f0.svg":"f84cacfc5df28df371057ddaf4e916cd71aaea9c7d8c093514a3c644b1b10c4d","/static/media/warning.f4073edd.svg":"023970a897ed5458234f9b9089a8294ff9b267d54320a9477e4d4031e2675638","/static/media/virus.03cb1851.svg":"170d84acdc51acd7377dbe3cb5b8e16389388b831036543011e18162904d1a16","/static/media/faq1.c0a06336.png":"dd3afd7e2800a889128d6b3f22f61bab377b45d81bc790b5a8c061a168e4a549","/static/media/toppng.0f7135a4.png":"5b919107e610dae11aa1342af0640f0cdc33065f821bb0fe936628ddd510d24b","/static/media/trip.0f7135a4.png":"5b919107e610dae11aa1342af0640f0cdc33065f821bb0fe936628ddd510d24b","/static/css/main.f80c2893.chunk.css":"0b7873f0317d857bbdc6e69a75a446302bfe7ca3314d810e10f50abdc440118d","/static/media/hireCar.b4585f2b.png":"276c29fee9c6643c9e726669081b4faaf9791e3d7dac45b831734a10620374f2","/static/media/faq2.e72f8fdc.png":"2b3acc63942520fab9933a1918436f75611a050fa2aa46c4b88d90f9c12be376","/static/media/ad2.d4e7eead.png":"1f80a685112089c100c6aeaad031727db4f89fdf4718e7463e8ea73350a21b3c","/static/media/cars.8012229a.jpg":"808d9822f08fc5a21774c3166c734dbff313417c57be0ae9309e93c699c12859","/static/media/rentCar.fcbdef7a.png":"decb43562dc7c0a22991c658edb1bd955de525590f88a7e9e7ee0179ce5248c8","/static/media/tripCar.06629ea1.png":"913d5fceb8d4fd6c0ac148d252940792261b6f394eaf10fc1336b22b1874cf99","/static/media/tripPackageCarOne.ece92d4f.png":"c392f8bdf27ab61dd1a2991ba6453611c99343bb08b4a5ab636c82d825f0f4fb","/static/media/tripPackageCarTwo.1d7f5c2b.png":"ce1f3fa38733f75e9cbd257e044f1bf46f50ed29f42b27c937ef12f9ddae1b2f","/static/media/mobile.7cd83d96.png":"f615b103352b62c3598675afb2ac6d23317beca4fcd9538ba26e8581b8998740","/static/media/welcomeBG.06e44cc5.png":"7d9d5959a0d40b294aaee6c58f19f781f892326ab78e3262604b780c3fcd50a4","/static/media/ad1.ec03a434.png":"994e7c9e868d3c1ce40eb8aab220a07d5ed01cfe4497f3783f463589d7ed3280","/static/css/2.3ea42a23.chunk.css":"7aa04114fdc444afbc37d4b695b84fdfb88132e58816f4709378c90a3bd5372b","/static/js/main.2835f77b.chunk.js":"e0bf59d92e7e23048ca8924b138cd974ca99cb6b354fc2f4a92d5a364757f32c","/static/media/ad3.6aec7835.png":"feffc4193ee3604b3b08d17323084d4c9178f5a1709a8e5090c5d25d0137e840","/static/css/main.f80c2893.chunk.css.map":"2405df24a7acbdd5a800c74fc4df6efc23cfe1f660a0aafa3aba8ad4da8b202d","/static/js/main.2835f77b.chunk.js.map":"7407ccc10673bbaa4c862f51463e3183ffb073b15f9e883513ea8d8d79adcf8b","/static/media/motor.52bc8378.svg":"dfa39252401ee85c903c8ee2112869e0558567d34d46a9862d95ae5f2735e9f6","/static/media/toppng.f87891f6.svg":"8805d3514dd63936e0ca925c2a98595b1d3e3548fda4920071067a8c4152cf69","/static/js/2.eb8e416a.chunk.js":"5014815c990213522a834e87158e17c22f3edbf8d297d2a3943740c468749fb5","/static/css/2.3ea42a23.chunk.css.map":"75442a469d9433b101cd598a3affea8c42dfc25a87abaee857fa945342d0685f","/static/js/2.eb8e416a.chunk.js.map":"f257afcb2a96c035f35f1f35514be245e1722cc8dab6d382b5f5e24ce3cf98ff"}}
[debug] [2021-08-12T08:29:48.089Z] <<< [apiv2][status] POST https://firebasehosting.googleapis.com/v1beta1/sites/frontend-customer/versions/9c3e091945bb444f:populateFiles 200
[debug] [2021-08-12T08:29:48.090Z] <<< [apiv2][body] POST https://firebasehosting.googleapis.com/v1beta1/sites/frontend-customer/versions/9c3e091945bb444f:populateFiles {"uploadRequiredHashes":["f257afcb2a96c035f35f1f35514be245e1722cc8dab6d382b5f5e24ce3cf98ff","5014815c990213522a834e87158e17c22f3edbf8d297d2a3943740c468749fb5","43d3ee0db80f9ddbb841199907ebb4effa387a282a7690a41dd5b6825fa9aabc","7407ccc10673bbaa4c862f51463e3183ffb073b15f9e883513ea8d8d79adcf8b","e0bf59d92e7e23048ca8924b138cd974ca99cb6b354fc2f4a92d5a364757f32c","0706427f4b22de8e4b794752fd79b2533326be78d22684747567a089743c04d0","0b7873f0317d857bbdc6e69a75a446302bfe7ca3314d810e10f50abdc440118d","61dbd2621326290b3f4c224a9b4a8b36013f122ddb8ca193235d706d697762fd","f9febb6a7f7b9208e049d5346eb0f2eb64f14bfc5f040447e52242151eb864a1","2405df24a7acbdd5a800c74fc4df6efc23cfe1f660a0aafa3aba8ad4da8b202d"],"uploadUrl":"https://upload-firebasehosting.googleapis.com/upload/sites/frontend-customer/versions/9c3e091945bb444f/files"}
[debug] [2021-08-12T08:29:48.097Z] >>> [apiv2][query] POST https://upload-firebasehosting.googleapis.com/upload/sites/frontend-customer/versions/9c3e091945bb444f/files/f257afcb2a96c035f35f1f35514be245e1722cc8dab6d382b5f5e24ce3cf98ff [none]
[debug] [2021-08-12T08:29:48.097Z] >>> [apiv2][body] POST https://upload-firebasehosting.googleapis.com/upload/sites/frontend-customer/versions/9c3e091945bb444f/files/f257afcb2a96c035f35f1f35514be245e1722cc8dab6d382b5f5e24ce3cf98ff [stream]
[debug] [2021-08-12T08:29:48.103Z] >>> [apiv2][query] POST https://upload-firebasehosting.googleapis.com/upload/sites/frontend-customer/versions/9c3e091945bb444f/files/5014815c990213522a834e87158e17c22f3edbf8d297d2a3943740c468749fb5 [none]
[debug] [2021-08-12T08:29:48.103Z] >>> [apiv2][body] POST https://upload-firebasehosting.googleapis.com/upload/sites/frontend-customer/versions/9c3e091945bb444f/files/5014815c990213522a834e87158e17c22f3edbf8d297d2a3943740c468749fb5 [stream]
[debug] [2021-08-12T08:29:48.108Z] >>> [apiv2][query] POST https://upload-firebasehosting.googleapis.com/upload/sites/frontend-customer/versions/9c3e091945bb444f/files/43d3ee0db80f9ddbb841199907ebb4effa387a282a7690a41dd5b6825fa9aabc [none]
[debug] [2021-08-12T08:29:48.109Z] >>> [apiv2][body] POST https://upload-firebasehosting.googleapis.com/upload/sites/frontend-customer/versions/9c3e091945bb444f/files/43d3ee0db80f9ddbb841199907ebb4effa387a282a7690a41dd5b6825fa9aabc [stream]
[debug] [2021-08-12T08:29:48.110Z] >>> [apiv2][query] POST https://upload-firebasehosting.googleapis.com/upload/sites/frontend-customer/versions/9c3e091945bb444f/files/7407ccc10673bbaa4c862f51463e3183ffb073b15f9e883513ea8d8d79adcf8b [none]
[debug] [2021-08-12T08:29:48.110Z] >>> [apiv2][body] POST https://upload-firebasehosting.googleapis.com/upload/sites/frontend-customer/versions/9c3e091945bb444f/files/7407ccc10673bbaa4c862f51463e3183ffb073b15f9e883513ea8d8d79adcf8b [stream]
[debug] [2021-08-12T08:29:48.111Z] >>> [apiv2][query] POST https://upload-firebasehosting.googleapis.com/upload/sites/frontend-customer/versions/9c3e091945bb444f/files/e0bf59d92e7e23048ca8924b138cd974ca99cb6b354fc2f4a92d5a364757f32c [none]
[debug] [2021-08-12T08:29:48.111Z] >>> [apiv2][body] POST https://upload-firebasehosting.googleapis.com/upload/sites/frontend-customer/versions/9c3e091945bb444f/files/e0bf59d92e7e23048ca8924b138cd974ca99cb6b354fc2f4a92d5a364757f32c [stream]
[debug] [2021-08-12T08:29:48.112Z] >>> [apiv2][query] POST https://upload-firebasehosting.googleapis.com/upload/sites/frontend-customer/versions/9c3e091945bb444f/files/0706427f4b22de8e4b794752fd79b2533326be78d22684747567a089743c04d0 [none]
[debug] [2021-08-12T08:29:48.112Z] >>> [apiv2][body] POST https://upload-firebasehosting.googleapis.com/upload/sites/frontend-customer/versions/9c3e091945bb444f/files/0706427f4b22de8e4b794752fd79b2533326be78d22684747567a089743c04d0 [stream]
[debug] [2021-08-12T08:29:48.113Z] >>> [apiv2][query] POST https://upload-firebasehosting.googleapis.com/upload/sites/frontend-customer/versions/9c3e091945bb444f/files/0b7873f0317d857bbdc6e69a75a446302bfe7ca3314d810e10f50abdc440118d [none]
[debug] [2021-08-12T08:29:48.113Z] >>> [apiv2][body] POST https://upload-firebasehosting.googleapis.com/upload/sites/frontend-customer/versions/9c3e091945bb444f/files/0b7873f0317d857bbdc6e69a75a446302bfe7ca3314d810e10f50abdc440118d [stream]
[debug] [2021-08-12T08:29:48.114Z] >>> [apiv2][query] POST https://upload-firebasehosting.googleapis.com/upload/sites/frontend-customer/versions/9c3e091945bb444f/files/61dbd2621326290b3f4c224a9b4a8b36013f122ddb8ca193235d706d697762fd [none]
[debug] [2021-08-12T08:29:48.114Z] >>> [apiv2][body] POST https://upload-firebasehosting.googleapis.com/upload/sites/frontend-customer/versions/9c3e091945bb444f/files/61dbd2621326290b3f4c224a9b4a8b36013f122ddb8ca193235d706d697762fd [stream]
[debug] [2021-08-12T08:29:48.118Z] >>> [apiv2][query] POST https://upload-firebasehosting.googleapis.com/upload/sites/frontend-customer/versions/9c3e091945bb444f/files/f9febb6a7f7b9208e049d5346eb0f2eb64f14bfc5f040447e52242151eb864a1 [none]
[debug] [2021-08-12T08:29:48.118Z] >>> [apiv2][body] POST https://upload-firebasehosting.googleapis.com/upload/sites/frontend-customer/versions/9c3e091945bb444f/files/f9febb6a7f7b9208e049d5346eb0f2eb64f14bfc5f040447e52242151eb864a1 [stream]
[debug] [2021-08-12T08:29:48.118Z] >>> [apiv2][query] POST https://upload-firebasehosting.googleapis.com/upload/sites/frontend-customer/versions/9c3e091945bb444f/files/2405df24a7acbdd5a800c74fc4df6efc23cfe1f660a0aafa3aba8ad4da8b202d [none]
[debug] [2021-08-12T08:29:48.118Z] >>> [apiv2][body] POST https://upload-firebasehosting.googleapis.com/upload/sites/frontend-customer/versions/9c3e091945bb444f/files/2405df24a7acbdd5a800c74fc4df6efc23cfe1f660a0aafa3aba8ad4da8b202d [stream]
[debug] [2021-08-12T08:29:48.119Z] [hosting][populate queue][FINAL] {"max":2696,"min":2696,"avg":2696,"active":0,"complete":1,"success":1,"errored":0,"retried":0,"total":1,"elapsed":2718}
[debug] [2021-08-12T08:29:48.120Z] [hosting] uploads queued: 10
[debug] [2021-08-12T08:29:50.246Z] <<< [apiv2][status] POST https://upload-firebasehosting.googleapis.com/upload/sites/frontend-customer/versions/9c3e091945bb444f/files/61dbd2621326290b3f4c224a9b4a8b36013f122ddb8ca193235d706d697762fd 200
[debug] [2021-08-12T08:29:50.246Z] <<< [apiv2][body] POST https://upload-firebasehosting.googleapis.com/upload/sites/frontend-customer/versions/9c3e091945bb444f/files/61dbd2621326290b3f4c224a9b4a8b36013f122ddb8ca193235d706d697762fd [stream]
[debug] [2021-08-12T08:29:50.253Z] <<< [apiv2][status] POST https://upload-firebasehosting.googleapis.com/upload/sites/frontend-customer/versions/9c3e091945bb444f/files/0706427f4b22de8e4b794752fd79b2533326be78d22684747567a089743c04d0 200
[debug] [2021-08-12T08:29:50.254Z] <<< [apiv2][body] POST https://upload-firebasehosting.googleapis.com/upload/sites/frontend-customer/versions/9c3e091945bb444f/files/0706427f4b22de8e4b794752fd79b2533326be78d22684747567a089743c04d0 [stream]
[debug] [2021-08-12T08:29:50.624Z] <<< [apiv2][status] POST https://upload-firebasehosting.googleapis.com/upload/sites/frontend-customer/versions/9c3e091945bb444f/files/5014815c990213522a834e87158e17c22f3edbf8d297d2a3943740c468749fb5 200
[debug] [2021-08-12T08:29:50.625Z] <<< [apiv2][body] POST https://upload-firebasehosting.googleapis.com/upload/sites/frontend-customer/versions/9c3e091945bb444f/files/5014815c990213522a834e87158e17c22f3edbf8d297d2a3943740c468749fb5 [stream]
[debug] [2021-08-12T08:29:50.627Z] <<< [apiv2][status] POST https://upload-firebasehosting.googleapis.com/upload/sites/frontend-customer/versions/9c3e091945bb444f/files/f9febb6a7f7b9208e049d5346eb0f2eb64f14bfc5f040447e52242151eb864a1 200
[debug] [2021-08-12T08:29:50.627Z] <<< [apiv2][body] POST https://upload-firebasehosting.googleapis.com/upload/sites/frontend-customer/versions/9c3e091945bb444f/files/f9febb6a7f7b9208e049d5346eb0f2eb64f14bfc5f040447e52242151eb864a1 [stream]
[debug] [2021-08-12T08:29:50.628Z] <<< [apiv2][status] POST https://upload-firebasehosting.googleapis.com/upload/sites/frontend-customer/versions/9c3e091945bb444f/files/7407ccc10673bbaa4c862f51463e3183ffb073b15f9e883513ea8d8d79adcf8b 200
[debug] [2021-08-12T08:29:50.628Z] <<< [apiv2][body] POST https://upload-firebasehosting.googleapis.com/upload/sites/frontend-customer/versions/9c3e091945bb444f/files/7407ccc10673bbaa4c862f51463e3183ffb073b15f9e883513ea8d8d79adcf8b [stream]
[debug] [2021-08-12T08:29:50.630Z] <<< [apiv2][status] POST https://upload-firebasehosting.googleapis.com/upload/sites/frontend-customer/versions/9c3e091945bb444f/files/43d3ee0db80f9ddbb841199907ebb4effa387a282a7690a41dd5b6825fa9aabc 200
[debug] [2021-08-12T08:29:50.630Z] <<< [apiv2][body] POST https://upload-firebasehosting.googleapis.com/upload/sites/frontend-customer/versions/9c3e091945bb444f/files/43d3ee0db80f9ddbb841199907ebb4effa387a282a7690a41dd5b6825fa9aabc [stream]
[debug] [2021-08-12T08:29:50.632Z] <<< [apiv2][status] POST https://upload-firebasehosting.googleapis.com/upload/sites/frontend-customer/versions/9c3e091945bb444f/files/0b7873f0317d857bbdc6e69a75a446302bfe7ca3314d810e10f50abdc440118d 200
[debug] [2021-08-12T08:29:50.632Z] <<< [apiv2][body] POST https://upload-firebasehosting.googleapis.com/upload/sites/frontend-customer/versions/9c3e091945bb444f/files/0b7873f0317d857bbdc6e69a75a446302bfe7ca3314d810e10f50abdc440118d [stream]
[debug] [2021-08-12T08:29:50.741Z] <<< [apiv2][status] POST https://upload-firebasehosting.googleapis.com/upload/sites/frontend-customer/versions/9c3e091945bb444f/files/f257afcb2a96c035f35f1f35514be245e1722cc8dab6d382b5f5e24ce3cf98ff 200
[debug] [2021-08-12T08:29:50.741Z] <<< [apiv2][body] POST https://upload-firebasehosting.googleapis.com/upload/sites/frontend-customer/versions/9c3e091945bb444f/files/f257afcb2a96c035f35f1f35514be245e1722cc8dab6d382b5f5e24ce3cf98ff [stream]
[debug] [2021-08-12T08:29:50.795Z] <<< [apiv2][status] POST https://upload-firebasehosting.googleapis.com/upload/sites/frontend-customer/versions/9c3e091945bb444f/files/e0bf59d92e7e23048ca8924b138cd974ca99cb6b354fc2f4a92d5a364757f32c 200
[debug] [2021-08-12T08:29:50.796Z] <<< [apiv2][body] POST https://upload-firebasehosting.googleapis.com/upload/sites/frontend-customer/versions/9c3e091945bb444f/files/e0bf59d92e7e23048ca8924b138cd974ca99cb6b354fc2f4a92d5a364757f32c [stream]
[debug] [2021-08-12T08:29:51.019Z] <<< [apiv2][status] POST https://upload-firebasehosting.googleapis.com/upload/sites/frontend-customer/versions/9c3e091945bb444f/files/2405df24a7acbdd5a800c74fc4df6efc23cfe1f660a0aafa3aba8ad4da8b202d 200
[debug] [2021-08-12T08:29:51.019Z] <<< [apiv2][body] POST https://upload-firebasehosting.googleapis.com/upload/sites/frontend-customer/versions/9c3e091945bb444f/files/2405df24a7acbdd5a800c74fc4df6efc23cfe1f660a0aafa3aba8ad4da8b202d [stream]
[debug] [2021-08-12T08:29:51.019Z] [hosting][upload queue][FINAL] {"max":2922,"min":2150,"avg":2524.7,"active":0,"complete":10,"success":10,"errored":0,"retried":0,"total":10,"elapsed":2928}
[info] ✔  hosting[frontend-customer]: file upload complete 
[debug] [2021-08-12T08:29:51.022Z] [hosting] deploy completed after 6125ms
[debug] [2021-08-12T08:29:51.028Z] [
  {
    "config": {
      "public": "build",
      "ignore": [
        "firebase.json",
        "**/.*",
        "**/node_modules/**"
      ],
      "rewrites": [
        {
          "source": "**",
          "destination": "/index.html"
        }
      ],
      "site": "frontend-customer"
    },
    "site": "frontend-customer",
    "version": "sites/frontend-customer/versions/9c3e091945bb444f"
  }
]
[info] i  hosting[frontend-customer]: finalizing version... 
[debug] [2021-08-12T08:29:51.030Z] > refreshing access token with scopes: ["email","https://www.googleapis.com/auth/cloud-platform","https://www.googleapis.com/auth/cloudplatformprojects.readonly","https://www.googleapis.com/auth/firebase","openid"]
[debug] [2021-08-12T08:29:51.030Z] >>> HTTP REQUEST POST https://www.googleapis.com/oauth2/v3/token  
 <request body omitted>
[debug] [2021-08-12T08:29:51.485Z] <<< HTTP RESPONSE 200 {"pragma":"no-cache","cache-control":"no-cache, no-store, max-age=0, must-revalidate","expires":"Mon, 01 Jan 1990 00:00:00 GMT","date":"Thu, 12 Aug 2021 00:29:26 GMT","content-type":"application/json; charset=utf-8","vary":"X-Origin, Referer, Origin,Accept-Encoding","server":"scaffolding on HTTPServer2","x-xss-protection":"0","x-frame-options":"SAMEORIGIN","x-content-type-options":"nosniff","alt-svc":"h3=\":443\"; ma=2592000,h3-29=\":443\"; ma=2592000,h3-T051=\":443\"; ma=2592000,h3-Q050=\":443\"; ma=2592000,h3-Q046=\":443\"; ma=2592000,h3-Q043=\":443\"; ma=2592000,quic=\":443\"; ma=2592000; v=\"46,43\"","accept-ranges":"none","transfer-encoding":"chunked"}
[debug] [2021-08-12T08:29:51.525Z] >>> HTTP REQUEST PATCH https://firebasehosting.googleapis.com/v1beta1/sites/frontend-customer/versions/9c3e091945bb444f?updateMask=status  
 {"status":"FINALIZED"}
[debug] [2021-08-12T08:29:53.189Z] <<< HTTP RESPONSE 200 {"content-type":"application/json; charset=UTF-8","vary":"X-Origin, Referer, Origin,Accept-Encoding","date":"Thu, 12 Aug 2021 00:29:28 GMT","server":"ESF","cache-control":"private","x-xss-protection":"0","x-frame-options":"SAMEORIGIN","x-content-type-options":"nosniff","alt-svc":"h3=\":443\"; ma=2592000,h3-29=\":443\"; ma=2592000,h3-T051=\":443\"; ma=2592000,h3-Q050=\":443\"; ma=2592000,h3-Q046=\":443\"; ma=2592000,h3-Q043=\":443\"; ma=2592000,quic=\":443\"; ma=2592000; v=\"46,43\"","accept-ranges":"none","transfer-encoding":"chunked"}
[debug] [2021-08-12T08:29:53.192Z] [hosting] finalized version for frontend-customer: {"name":"sites/frontend-customer/versions/9c3e091945bb444f","status":"FINALIZED","config":{"rewrites":[{"glob":"**","path":"/index.html"}]},"labels":{"deployment-tool":"cli-firebase"},"createTime":"2021-08-12T00:29:19.670076Z","createUser":{"email":"teeola48@gmail.com"},"finalizeTime":"2021-08-12T00:29:28.574692Z","finalizeUser":{"email":"teeola48@gmail.com"}}
[info] ✔  hosting[frontend-customer]: version finalized 
[info] i  hosting[frontend-customer]: releasing new version... 
[debug] [2021-08-12T08:29:53.196Z] >>> HTTP REQUEST POST https://firebasehosting.googleapis.com/v1beta1/sites/frontend-customer/releases?version_name=sites/frontend-customer/versions/9c3e091945bb444f  
 {"message":null}
